<?xml version="1.0" encoding="UTF-8"?>
<testng-results total="2" passed="2" failed="0" skipped="0">
  <reporter-output>
  </reporter-output>
  <suite started-at="2022-06-09T02:27:09Z" name="Suite" finished-at="2022-06-09T02:27:40Z" duration-ms="30692">
    <groups>
    </groups>
    <test started-at="2022-06-09T02:27:09Z" name="Test" finished-at="2022-06-09T02:27:40Z" duration-ms="30692">
      <class name="com.php.testCases.LoginPageTest">
        <test-method is-config="true" signature="Setup()[pri:0, instance:com.php.testCases.LoginPageTest@74518890]" started-at="2022-06-09T07:57:10Z" name="Setup" finished-at="2022-06-09T07:57:19Z" duration-ms="9576" status="PASS">
          <reporter-output>
          </reporter-output>
        </test-method> <!-- Setup -->
        <test-method signature="Login(java.lang.String, java.lang.String)[pri:0, instance:com.php.testCases.LoginPageTest@74518890]" started-at="2022-06-09T07:57:19Z" name="Login" data-provider="getTestData" finished-at="2022-06-09T07:57:23Z" duration-ms="3762" status="PASS">
          <params>
            <param index="0">
              <value>
                <![CDATA[user@phptravels.com]]>
              </value>
            </param>
            <param index="1">
              <value>
                <![CDATA[demouser]]>
              </value>
            </param>
          </params>
          <reporter-output>
          </reporter-output>
        </test-method> <!-- Login -->
        <test-method is-config="true" signature="tearDown()[pri:0, instance:com.php.testCases.LoginPageTest@74518890]" started-at="2022-06-09T07:57:24Z" name="tearDown" finished-at="2022-06-09T07:57:24Z" duration-ms="0" status="PASS">
          <reporter-output>
          </reporter-output>
        </test-method> <!-- tearDown -->
      </class> <!-- com.php.testCases.LoginPageTest -->
      <class name="com.php.testCases.ProfileCreationExecution">
        <test-method is-config="true" signature="Setup()[pri:0, instance:com.php.testCases.ProfileCreationExecution@5710768a]" started-at="2022-06-09T07:57:24Z" name="Setup" finished-at="2022-06-09T07:57:31Z" duration-ms="7276" status="PASS">
          <reporter-output>
          </reporter-output>
        </test-method> <!-- Setup -->
        <test-method signature="profileCreation(java.lang.String, java.lang.String, java.lang.String, java.lang.String, java.lang.String, java.lang.String, java.lang.String, java.lang.String, java.lang.String, java.lang.String, java.lang.String)[pri:0, instance:com.php.testCases.ProfileCreationExecution@5710768a]" started-at="2022-06-09T07:57:31Z" name="profileCreation" data-provider="getTestData" finished-at="2022-06-09T07:57:39Z" duration-ms="8024" status="PASS">
          <params>
            <param index="0">
              <value>
                <![CDATA[user@phptravels.com]]>
              </value>
            </param>
            <param index="1">
              <value>
                <![CDATA[demouser]]>
              </value>
            </param>
            <param index="2">
              <value>
                <![CDATA[Albert]]>
              </value>
            </param>
            <param index="3">
              <value>
                <![CDATA[Newton]]>
              </value>
            </param>
            <param index="4">
              <value>
                <![CDATA[9.544134865E9]]>
              </value>
            </param>
            <param index="5">
              <value>
                <![CDATA[asdf1234@gmail.com]]>
              </value>
            </param>
            <param index="6">
              <value>
                <![CDATA[India]]>
              </value>
            </param>
            <param index="7">
              <value>
                <![CDATA[Karnataka]]>
              </value>
            </param>
            <param index="8">
              <value>
                <![CDATA[Mysuru]]>
              </value>
            </param>
            <param index="9">
              <value>
                <![CDATA[5.4511238453E10]]>
              </value>
            </param>
            <param index="10">
              <value>
                <![CDATA[560012.0]]>
              </value>
            </param>
          </params>
          <reporter-output>
          </reporter-output>
        </test-method> <!-- profileCreation -->
        <test-method is-config="true" signature="quit()[pri:0, instance:com.php.testCases.ProfileCreationExecution@5710768a]" started-at="2022-06-09T07:57:40Z" name="quit" finished-at="2022-06-09T07:57:40Z" duration-ms="0" status="PASS">
          <reporter-output>
          </reporter-output>
        </test-method> <!-- quit -->
      </class> <!-- com.php.testCases.ProfileCreationExecution -->
    </test> <!-- Test -->
  </suite> <!-- Suite -->
</testng-results>
