<?xml version="1.0" encoding="UTF-8"?>
<testsuite xmlns:xsi="http://www.w3.org/2001/XMLSchema-instance" xsi:noNamespaceSchemaLocation="https://maven.apache.org/surefire/maven-surefire-plugin/xsd/surefire-test-report-3.0.xsd" version="3.0" name="TestSuite" time="164.064" tests="8" errors="0" skipped="0" failures="0">
  <properties>
[...]
</properties>
  <testcase name="loginValidation[Admin, admin123](1)" classname="com.Orange.testCases.LoginPageTest" time="5.787">
    <system-err><![CDATA[Starting ChromeDriver 102.0.5005.61 (0e59bcc00cc4985ce39ad31c150065f159d95ad3-refs/branch-heads/5005@{#819}) on port 6536
Only local connections are allowed.
Please see https://chromedriver.chromium.org/security-considerations for suggestions on keeping ChromeDriver safe.
ChromeDriver was started successfully.
Jun 14, 2022 1:49:46 PM org.openqa.selenium.remote.ProtocolHandshake createSession
INFO: Detected dialect: W3C
]]></system-err>
  </testcase>
  <testcase name="AddEmployees[Admin, admin123, Pichu, Pikachu, Pikachu, 025, D:\Java\Eclipse\Testing\OrangeHRM\Images\Pikachu.png, Pikachu, PikaPikaPee, PikaPikaPee](1)" classname="com.Orange.testCases.EmployeeListTest" time="11.426">
    <system-out><![CDATA[Screenshot is not Taken
]]></system-out>
    <system-err><![CDATA[Starting ChromeDriver 102.0.5005.61 (0e59bcc00cc4985ce39ad31c150065f159d95ad3-refs/branch-heads/5005@{#819}) on port 1728
Only local connections are allowed.
Please see https://chromedriver.chromium.org/security-considerations for suggestions on keeping ChromeDriver safe.
ChromeDriver was started successfully.
Jun 14, 2022 1:50:00 PM org.openqa.selenium.remote.ProtocolHandshake createSession
INFO: Detected dialect: W3C
]]></system-err>
  </testcase>
  <testcase name="AddEmployees[Admin, admin123, Pidgey, Pidgeotto, Pidgeotto, 017, D:\Java\Eclipse\Testing\OrangeHRM\Images\Pidgeotto.png, Pidgeotto, HaaHaaHaa, HaaHaaHaa](2)" classname="com.Orange.testCases.EmployeeListTest" time="13.388">
    <system-out><![CDATA[Screenshot is not Taken
]]></system-out>
    <system-err><![CDATA[Starting ChromeDriver 102.0.5005.61 (0e59bcc00cc4985ce39ad31c150065f159d95ad3-refs/branch-heads/5005@{#819}) on port 20247
Only local connections are allowed.
Please see https://chromedriver.chromium.org/security-considerations for suggestions on keeping ChromeDriver safe.
ChromeDriver was started successfully.
Jun 14, 2022 1:50:20 PM org.openqa.selenium.remote.ProtocolHandshake createSession
INFO: Detected dialect: W3C
]]></system-err>
  </testcase>
  <testcase name="AddEmployees[Admin, admin123, Caterpee, Metapod, Butterfree, 012, D:\Java\Eclipse\Testing\OrangeHRM\Images\Butterfree.png, Butterfree, FreeFreeFree, FreeFreeFree](3)" classname="com.Orange.testCases.EmployeeListTest" time="9.024">
    <system-out><![CDATA[Screenshot is not Taken
]]></system-out>
    <system-err><![CDATA[Starting ChromeDriver 102.0.5005.61 (0e59bcc00cc4985ce39ad31c150065f159d95ad3-refs/branch-heads/5005@{#819}) on port 45593
Only local connections are allowed.
Please see https://chromedriver.chromium.org/security-considerations for suggestions on keeping ChromeDriver safe.
ChromeDriver was started successfully.
Jun 14, 2022 1:50:44 PM org.openqa.selenium.remote.ProtocolHandshake createSession
INFO: Detected dialect: W3C
]]></system-err>
  </testcase>
  <testcase name="AddEmployees[Admin, admin123, Charmander, Charmander, Charmander, 004, D:\Java\Eclipse\Testing\OrangeHRM\Images\Charmander.png, Charmander, PikaPikaPee, PikaPikaPee](4)" classname="com.Orange.testCases.EmployeeListTest" time="9.386">
    <system-out><![CDATA[Screenshot is not Taken
]]></system-out>
    <system-err><![CDATA[Starting ChromeDriver 102.0.5005.61 (0e59bcc00cc4985ce39ad31c150065f159d95ad3-refs/branch-heads/5005@{#819}) on port 43827
Only local connections are allowed.
Please see https://chromedriver.chromium.org/security-considerations for suggestions on keeping ChromeDriver safe.
ChromeDriver was started successfully.
Jun 14, 2022 1:51:03 PM org.openqa.selenium.remote.ProtocolHandshake createSession
INFO: Detected dialect: W3C
]]></system-err>
  </testcase>
  <testcase name="AddEmployees[Admin, admin123, Squirtle, Squirtle, Squirtle, 025, D:\Java\Eclipse\Testing\OrangeHRM\Images\Squirtle.png, Squirtle, SquirtleSquirt, SquirtleSquirt](5)" classname="com.Orange.testCases.EmployeeListTest" time="13.79">
    <system-out><![CDATA[Screenshot is not Taken
]]></system-out>
    <system-err><![CDATA[Starting ChromeDriver 102.0.5005.61 (0e59bcc00cc4985ce39ad31c150065f159d95ad3-refs/branch-heads/5005@{#819}) on port 39878
Only local connections are allowed.
Please see https://chromedriver.chromium.org/security-considerations for suggestions on keeping ChromeDriver safe.
ChromeDriver was started successfully.
Jun 14, 2022 1:51:21 PM org.openqa.selenium.remote.ProtocolHandshake createSession
INFO: Detected dialect: W3C
]]></system-err>
  </testcase>
  <testcase name="AddEmployees[Admin, admin123, Bulbasaur, Bulbasaur, Bulbasaur, 001, D:\Java\Eclipse\Testing\OrangeHRM\Images\Bulbasaur.png, Bulbasaur, BulbaBulb, BulbaBulb](6)" classname="com.Orange.testCases.EmployeeListTest" time="9.049">
    <system-out><![CDATA[Screenshot is not Taken
]]></system-out>
    <system-err><![CDATA[Starting ChromeDriver 102.0.5005.61 (0e59bcc00cc4985ce39ad31c150065f159d95ad3-refs/branch-heads/5005@{#819}) on port 41575
Only local connections are allowed.
Please see https://chromedriver.chromium.org/security-considerations for suggestions on keeping ChromeDriver safe.
ChromeDriver was started successfully.
Jun 14, 2022 1:51:44 PM org.openqa.selenium.remote.ProtocolHandshake createSession
INFO: Detected dialect: W3C
]]></system-err>
  </testcase>
  <testcase name="DownloadCV[Admin, admin123](1)" classname="com.Orange.testCases.CandidateDetailsTest" time="9.23">
    <system-out><![CDATA[Screenshot is not Taken
]]></system-out>
    <system-err><![CDATA[Starting ChromeDriver 102.0.5005.61 (0e59bcc00cc4985ce39ad31c150065f159d95ad3-refs/branch-heads/5005@{#819}) on port 45234
Only local connections are allowed.
Please see https://chromedriver.chromium.org/security-considerations for suggestions on keeping ChromeDriver safe.
ChromeDriver was started successfully.
Jun 14, 2022 1:52:01 PM org.openqa.selenium.remote.ProtocolHandshake createSession
INFO: Detected dialect: W3C
]]></system-err>
  </testcase>
</testsuite>