<?xml version="1.0" encoding="UTF-8"?>
<!-- Generated by org.testng.reporters.JUnitXMLReporter -->
<testsuite ignored="0" hostname="LAPTOP-SI8H27EB" failures="0" tests="21" name="Test" time="183.974" errors="0" timestamp="2021-09-21T13:00:40 IST">
  <testcase classname="com.tv.admin.test.LoginPageTestCase001" name="loginTest" time="1.911"/>
  <testcase classname="com.tv.admin.test.MandatoryFieldTestCase002" name="mandatoryFieldsValidation" time="4.194"/>
  <testcase classname="com.tv.admin.test.AttributeValidationTestCase003" name="attributeValidation" time="4.529"/>
  <testcase classname="com.tv.admin.test.ProductCreationTestCase004" name="productCreationTest" time="3.864"/>
  <testcase classname="com.tv.admin.test.ProductCreationTestCase004" name="productCreationTest" time="4.188"/>
  <testcase classname="com.tv.admin.test.ProductCreationTestCase004" name="productCreationTest" time="4.198"/>
  <testcase classname="com.tv.admin.test.ProductCreationTestCase004" name="productCreationTest" time="4.752"/>
  <testcase classname="com.tv.admin.test.ProductCreationTestCase004" name="productCreationTest" time="3.995"/>
  <testcase classname="com.tv.admin.test.ContainsFilterTestCase005" name="containsFilterValidation" time="4.332"/>
  <testcase classname="com.tv.admin.test.EqualsFilterTestCase006" name="equalsFilterValidation" time="4.541"/>
  <testcase classname="com.tv.admin.test.StartsWithFilterTestCase007" name="startsWithFilterValidation" time="5.09"/>
  <testcase classname="com.tv.admin.test.EndsWithFilterTestCase008" name="endsWithFilterValidation" time="4.45"/>
  <testcase classname="com.tv.admin.test.ClearFilterTestCase009" name="clearFilterValidation" time="4.363"/>
  <testcase classname="com.tv.admin.test.FilterSearchStatusTestCase010" name="filterSearchStatusValidation" time="4.502"/>
  <testcase classname="com.tv.admin.test.ProductUpdationTestCase011" name="productEdit" time="4.817"/>
  <testcase classname="com.tv.admin.test.TableSortTestCase012" name="tableSortValidation" time="4.795"/>
  <testcase classname="com.tv.admin.test.UniqueProductTestCase013" name="uniqueProductValidation" time="5.037"/>
  <testcase classname="com.tv.admin.test.ProductNotFoundTestCase014" name="productNotFoundValidation" time="4.03"/>
  <testcase classname="com.tv.admin.test.ProductDeletionTestCase015" name="productDeleteValidation" time="3.256"/>
  <testcase classname="com.tv.admin.test.ProductDeletionTestCase015" name="productDeleteValidation" time="4.215"/>
  <testcase classname="com.tv.admin.test.BatchActionProductTestCase016" name="batchAction" time="4.41"/>
</testsuite> <!-- Test -->
