<?xml version="1.0" encoding="UTF-8"?>
<!-- Generated by org.testng.reporters.JUnitXMLReporter -->
<testsuite hostname="DESKTOP-R05C0VE" failures="0" tests="8" name="Test" time="161.038" errors="0" timestamp="14 Jun 2022 08:22:18 GMT">
  <testcase classname="com.Orange.testCases.LoginPageTest" name="loginValidation" time="5.785"/>
  <testcase classname="com.Orange.testCases.EmployeeListTest" name="AddEmployees" time="11.419"/>
  <testcase classname="com.Orange.testCases.EmployeeListTest" name="AddEmployees" time="13.388"/>
  <testcase classname="com.Orange.testCases.EmployeeListTest" name="AddEmployees" time="9.025"/>
  <testcase classname="com.Orange.testCases.EmployeeListTest" name="AddEmployees" time="9.387"/>
  <testcase classname="com.Orange.testCases.EmployeeListTest" name="AddEmployees" time="13.792"/>
  <testcase classname="com.Orange.testCases.EmployeeListTest" name="AddEmployees" time="9.051"/>
  <testcase classname="com.Orange.testCases.CandidateDetailsTest" name="DownloadCV" time="9.229"/>
</testsuite> <!-- Test -->
