<?xml version="1.0" encoding="UTF-8"?>
<testng-results total="1" passed="1" failed="0" skipped="0">
  <reporter-output>
  </reporter-output>
  <suite started-at="2022-05-01T10:22:44Z" name="Default suite" finished-at="2022-05-01T10:24:29Z" duration-ms="104868">
    <groups>
    </groups>
    <test started-at="2022-05-01T10:22:44Z" name="Default test" finished-at="2022-05-01T10:24:29Z" duration-ms="104868">
      <class name="twitter.FooterLinks">
        <test-method is-config="true" signature="initialize()[pri:0, instance:twitter.FooterLinks@ec0c838]" started-at="2022-05-01T15:52:44Z" name="initialize" finished-at="2022-05-01T15:52:49Z" duration-ms="4525" status="PASS">
          <reporter-output>
          </reporter-output>
        </test-method> <!-- initialize -->
        <test-method signature="linkTab()[pri:0, instance:twitter.FooterLinks@ec0c838]" started-at="2022-05-01T15:52:49Z" name="linkTab" finished-at="2022-05-01T15:54:28Z" duration-ms="98927" status="PASS">
          <reporter-output>
          </reporter-output>
        </test-method> <!-- linkTab -->
        <test-method is-config="true" signature="teardown()[pri:0, instance:twitter.FooterLinks@ec0c838]" started-at="2022-05-01T15:54:28Z" name="teardown" finished-at="2022-05-01T15:54:29Z" duration-ms="1399" status="PASS">
          <reporter-output>
          </reporter-output>
        </test-method> <!-- teardown -->
      </class> <!-- twitter.FooterLinks -->
    </test> <!-- Default test -->
  </suite> <!-- Default suite -->
</testng-results>
