<?xml version="1.0" encoding="UTF-8"?>
<testng-results ignored="0" total="21" passed="21" failed="0" skipped="0">
  <reporter-output>
  </reporter-output>
  <suite started-at="2021-09-21T12:57:37 IST" name="Suite" finished-at="2021-09-21T13:00:40 IST" duration-ms="183974">
    <groups>
    </groups>
    <test started-at="2021-09-21T12:57:37 IST" name="Test" finished-at="2021-09-21T13:00:40 IST" duration-ms="183974">
      <class name="com.tv.admin.test.UniqueProductTestCase013">
        <test-method is-config="true" signature="setUp()[pri:0, instance:com.tv.admin.test.UniqueProductTestCase013@72b16078]" started-at="2021-09-21T12:59:58 IST" name="setUp" finished-at="2021-09-21T13:00:01 IST" duration-ms="3861" status="PASS">
          <reporter-output>
          </reporter-output>
        </test-method> <!-- setUp -->
        <test-method signature="uniqueProductValidation(java.lang.String,java.lang.String,java.lang.String)[pri:1, instance:com.tv.admin.test.UniqueProductTestCase013@72b16078]" started-at="2021-09-21T13:00:01 IST" name="uniqueProductValidation" data-provider="getTestData" finished-at="2021-09-21T13:00:06 IST" duration-ms="5037" status="PASS">
          <params>
            <param index="0">
              <value>
                <![CDATA[Triple Hit Baseball]]>
              </value>
            </param>
            <param index="1">
              <value>
                <![CDATA[VQO-TH-BLU]]>
              </value>
            </param>
            <param index="2">
              <value>
                <![CDATA[Baseball batting trainer]]>
              </value>
            </param>
          </params>
          <reporter-output>
          </reporter-output>
        </test-method> <!-- uniqueProductValidation -->
        <test-method is-config="true" signature="tearDown()[pri:0, instance:com.tv.admin.test.UniqueProductTestCase013@72b16078]" started-at="2021-09-21T13:00:07 IST" name="tearDown" finished-at="2021-09-21T13:00:07 IST" duration-ms="1" status="PASS">
          <reporter-output>
          </reporter-output>
        </test-method> <!-- tearDown -->
      </class> <!-- com.tv.admin.test.UniqueProductTestCase013 -->
      <class name="com.tv.admin.test.EndsWithFilterTestCase008">
        <test-method is-config="true" signature="setUp()[pri:0, instance:com.tv.admin.test.EndsWithFilterTestCase008@2c715e84]" started-at="2021-09-21T12:59:12 IST" name="setUp" finished-at="2021-09-21T12:59:16 IST" duration-ms="4334" status="PASS">
          <reporter-output>
          </reporter-output>
        </test-method> <!-- setUp -->
        <test-method signature="endsWithFilterValidation(java.lang.String,java.lang.String)[pri:1, instance:com.tv.admin.test.EndsWithFilterTestCase008@2c715e84]" started-at="2021-09-21T12:59:16 IST" name="endsWithFilterValidation" data-provider="getTestData" finished-at="2021-09-21T12:59:21 IST" duration-ms="4450" status="PASS">
          <params>
            <param index="0">
              <value>
                <![CDATA[Ends with]]>
              </value>
            </param>
            <param index="1">
              <value>
                <![CDATA[ball]]>
              </value>
            </param>
          </params>
          <reporter-output>
          </reporter-output>
        </test-method> <!-- endsWithFilterValidation -->
        <test-method is-config="true" signature="tearDown()[pri:0, instance:com.tv.admin.test.EndsWithFilterTestCase008@2c715e84]" started-at="2021-09-21T12:59:21 IST" name="tearDown" finished-at="2021-09-21T12:59:21 IST" duration-ms="0" status="PASS">
          <reporter-output>
          </reporter-output>
        </test-method> <!-- tearDown -->
      </class> <!-- com.tv.admin.test.EndsWithFilterTestCase008 -->
      <class name="com.tv.admin.test.LoginPageTestCase001">
        <test-method is-config="true" signature="setUp()[pri:0, instance:com.tv.admin.test.LoginPageTestCase001@6b5176f2]" started-at="2021-09-21T12:57:37 IST" name="setUp" finished-at="2021-09-21T12:57:41 IST" duration-ms="4560" status="PASS">
          <reporter-output>
          </reporter-output>
        </test-method> <!-- setUp -->
        <test-method signature="loginTest()[pri:1, instance:com.tv.admin.test.LoginPageTestCase001@6b5176f2]" started-at="2021-09-21T12:57:41 IST" name="loginTest" finished-at="2021-09-21T12:57:43 IST" duration-ms="1911" status="PASS">
          <reporter-output>
          </reporter-output>
        </test-method> <!-- loginTest -->
        <test-method is-config="true" signature="tearDown()[pri:0, instance:com.tv.admin.test.LoginPageTestCase001@6b5176f2]" started-at="2021-09-21T12:57:43 IST" name="tearDown" finished-at="2021-09-21T12:57:43 IST" duration-ms="0" status="PASS">
          <reporter-output>
          </reporter-output>
        </test-method> <!-- tearDown -->
      </class> <!-- com.tv.admin.test.LoginPageTestCase001 -->
      <class name="com.tv.admin.test.ContainsFilterTestCase005">
        <test-method is-config="true" signature="setUp()[pri:0, instance:com.tv.admin.test.ContainsFilterTestCase005@32fe9d0a]" started-at="2021-09-21T12:58:44 IST" name="setUp" finished-at="2021-09-21T12:58:48 IST" duration-ms="4479" status="PASS">
          <reporter-output>
          </reporter-output>
        </test-method> <!-- setUp -->
        <test-method signature="containsFilterValidation(java.lang.String,java.lang.String)[pri:1, instance:com.tv.admin.test.ContainsFilterTestCase005@32fe9d0a]" started-at="2021-09-21T12:58:48 IST" name="containsFilterValidation" data-provider="getTestData" finished-at="2021-09-21T12:58:52 IST" duration-ms="4332" status="PASS">
          <params>
            <param index="0">
              <value>
                <![CDATA[Contains]]>
              </value>
            </param>
            <param index="1">
              <value>
                <![CDATA[ESPN]]>
              </value>
            </param>
          </params>
          <reporter-output>
          </reporter-output>
        </test-method> <!-- containsFilterValidation -->
        <test-method is-config="true" signature="tearDown()[pri:0, instance:com.tv.admin.test.ContainsFilterTestCase005@32fe9d0a]" started-at="2021-09-21T12:58:53 IST" name="tearDown" finished-at="2021-09-21T12:58:53 IST" duration-ms="1" status="PASS">
          <reporter-output>
          </reporter-output>
        </test-method> <!-- tearDown -->
      </class> <!-- com.tv.admin.test.ContainsFilterTestCase005 -->
      <class name="com.tv.admin.test.StartsWithFilterTestCase007">
        <test-method is-config="true" signature="setUp()[pri:0, instance:com.tv.admin.test.StartsWithFilterTestCase007@64da2a7]" started-at="2021-09-21T12:59:02 IST" name="setUp" finished-at="2021-09-21T12:59:07 IST" duration-ms="4646" status="PASS">
          <reporter-output>
          </reporter-output>
        </test-method> <!-- setUp -->
        <test-method signature="startsWithFilterValidation(java.lang.String,java.lang.String)[pri:1, instance:com.tv.admin.test.StartsWithFilterTestCase007@64da2a7]" started-at="2021-09-21T12:59:07 IST" name="startsWithFilterValidation" data-provider="getTestData" finished-at="2021-09-21T12:59:12 IST" duration-ms="5090" status="PASS">
          <params>
            <param index="0">
              <value>
                <![CDATA[Starts with]]>
              </value>
            </param>
            <param index="1">
              <value>
                <![CDATA[Base]]>
              </value>
            </param>
          </params>
          <reporter-output>
          </reporter-output>
        </test-method> <!-- startsWithFilterValidation -->
        <test-method is-config="true" signature="tearDown()[pri:0, instance:com.tv.admin.test.StartsWithFilterTestCase007@64da2a7]" started-at="2021-09-21T12:59:12 IST" name="tearDown" finished-at="2021-09-21T12:59:12 IST" duration-ms="0" status="PASS">
          <reporter-output>
          </reporter-output>
        </test-method> <!-- tearDown -->
      </class> <!-- com.tv.admin.test.StartsWithFilterTestCase007 -->
      <class name="com.tv.admin.test.ProductUpdationTestCase011">
        <test-method is-config="true" signature="setUp()[pri:0, instance:com.tv.admin.test.ProductUpdationTestCase011@7caa550]" started-at="2021-09-21T12:59:40 IST" name="setUp" finished-at="2021-09-21T12:59:44 IST" duration-ms="3776" status="PASS">
          <reporter-output>
          </reporter-output>
        </test-method> <!-- setUp -->
        <test-method signature="productEdit(java.lang.String,java.lang.String)[pri:1, instance:com.tv.admin.test.ProductUpdationTestCase011@7caa550]" started-at="2021-09-21T12:59:44 IST" name="productEdit" data-provider="getTestData" finished-at="2021-09-21T12:59:48 IST" duration-ms="4817" status="PASS">
          <params>
            <param index="0">
              <value>
                <![CDATA[VQO-TH-RED]]>
              </value>
            </param>
            <param index="1">
              <value>
                <![CDATA[Hit from tee or pop-up pitch, blue plastic]]>
              </value>
            </param>
          </params>
          <reporter-output>
          </reporter-output>
        </test-method> <!-- productEdit -->
        <test-method is-config="true" signature="tearDown()[pri:0, instance:com.tv.admin.test.ProductUpdationTestCase011@7caa550]" started-at="2021-09-21T12:59:49 IST" name="tearDown" finished-at="2021-09-21T12:59:49 IST" duration-ms="0" status="PASS">
          <reporter-output>
          </reporter-output>
        </test-method> <!-- tearDown -->
      </class> <!-- com.tv.admin.test.ProductUpdationTestCase011 -->
      <class name="com.tv.admin.test.FilterSearchStatusTestCase010">
        <test-method is-config="true" signature="setUp()[pri:0, instance:com.tv.admin.test.FilterSearchStatusTestCase010@3b9d6699]" started-at="2021-09-21T12:59:31 IST" name="setUp" finished-at="2021-09-21T12:59:35 IST" duration-ms="4141" status="PASS">
          <reporter-output>
          </reporter-output>
        </test-method> <!-- setUp -->
        <test-method signature="filterSearchStatusValidation(java.lang.String,java.lang.String,java.lang.String)[pri:1, instance:com.tv.admin.test.FilterSearchStatusTestCase010@3b9d6699]" started-at="2021-09-21T12:59:35 IST" name="filterSearchStatusValidation" data-provider="getTestData" finished-at="2021-09-21T12:59:39 IST" duration-ms="4502" status="PASS">
          <params>
            <param index="0">
              <value>
                <![CDATA[Triple Hit Baseball]]>
              </value>
            </param>
            <param index="1">
              <value>
                <![CDATA[VQO-TH-BLU]]>
              </value>
            </param>
            <param index="2">
              <value>
                <![CDATA[Baseball batting trainer]]>
              </value>
            </param>
          </params>
          <reporter-output>
          </reporter-output>
        </test-method> <!-- filterSearchStatusValidation -->
        <test-method is-config="true" signature="tearDown()[pri:0, instance:com.tv.admin.test.FilterSearchStatusTestCase010@3b9d6699]" started-at="2021-09-21T12:59:40 IST" name="tearDown" finished-at="2021-09-21T12:59:40 IST" duration-ms="0" status="PASS">
          <reporter-output>
          </reporter-output>
        </test-method> <!-- tearDown -->
      </class> <!-- com.tv.admin.test.FilterSearchStatusTestCase010 -->
      <class name="com.tv.admin.test.ProductCreationTestCase004">
        <test-method is-config="true" signature="setUp()[pri:0, instance:com.tv.admin.test.ProductCreationTestCase004@37eeec90]" started-at="2021-09-21T12:58:01 IST" name="setUp" finished-at="2021-09-21T12:58:05 IST" duration-ms="3744" status="PASS">
          <reporter-output>
          </reporter-output>
        </test-method> <!-- setUp -->
        <test-method signature="productCreationTest(java.lang.String,java.lang.String,java.lang.String)[pri:1, instance:com.tv.admin.test.ProductCreationTestCase004@37eeec90]" started-at="2021-09-21T12:58:05 IST" name="productCreationTest" data-provider="getTestData" finished-at="2021-09-21T12:58:09 IST" duration-ms="3864" status="PASS">
          <params>
            <param index="0">
              <value>
                <![CDATA[Triple Hit Baseball]]>
              </value>
            </param>
            <param index="1">
              <value>
                <![CDATA[VQO-TH-BLU]]>
              </value>
            </param>
            <param index="2">
              <value>
                <![CDATA[Baseball batting trainer]]>
              </value>
            </param>
          </params>
          <reporter-output>
          </reporter-output>
        </test-method> <!-- productCreationTest -->
        <test-method is-config="true" signature="setUp()[pri:0, instance:com.tv.admin.test.ProductCreationTestCase004@37eeec90]" started-at="2021-09-21T12:58:09 IST" name="setUp" finished-at="2021-09-21T12:58:13 IST" duration-ms="3711" status="PASS">
          <reporter-output>
          </reporter-output>
        </test-method> <!-- setUp -->
        <test-method is-config="true" signature="tearDown()[pri:0, instance:com.tv.admin.test.ProductCreationTestCase004@37eeec90]" started-at="2021-09-21T12:58:09 IST" name="tearDown" finished-at="2021-09-21T12:58:09 IST" duration-ms="0" status="PASS">
          <reporter-output>
          </reporter-output>
        </test-method> <!-- tearDown -->
        <test-method signature="productCreationTest(java.lang.String,java.lang.String,java.lang.String)[pri:1, instance:com.tv.admin.test.ProductCreationTestCase004@37eeec90]" started-at="2021-09-21T12:58:13 IST" name="productCreationTest" data-provider="getTestData" finished-at="2021-09-21T12:58:17 IST" duration-ms="4188" status="PASS">
          <params>
            <param index="0">
              <value>
                <![CDATA[Better Batter Baseball]]>
              </value>
            </param>
            <param index="1">
              <value>
                <![CDATA[VQO-BB-BLA]]>
              </value>
            </param>
            <param index="2">
              <value>
                <![CDATA[Baseball batting trainer]]>
              </value>
            </param>
          </params>
          <reporter-output>
          </reporter-output>
        </test-method> <!-- productCreationTest -->
        <test-method is-config="true" signature="tearDown()[pri:0, instance:com.tv.admin.test.ProductCreationTestCase004@37eeec90]" started-at="2021-09-21T12:58:17 IST" name="tearDown" finished-at="2021-09-21T12:58:17 IST" duration-ms="0" status="PASS">
          <reporter-output>
          </reporter-output>
        </test-method> <!-- tearDown -->
        <test-method is-config="true" signature="setUp()[pri:0, instance:com.tv.admin.test.ProductCreationTestCase004@37eeec90]" started-at="2021-09-21T12:58:17 IST" name="setUp" finished-at="2021-09-21T12:58:21 IST" duration-ms="3707" status="PASS">
          <reporter-output>
          </reporter-output>
        </test-method> <!-- setUp -->
        <test-method signature="productCreationTest(java.lang.String,java.lang.String,java.lang.String)[pri:1, instance:com.tv.admin.test.ProductCreationTestCase004@37eeec90]" started-at="2021-09-21T12:58:21 IST" name="productCreationTest" data-provider="getTestData" finished-at="2021-09-21T12:58:25 IST" duration-ms="4198" status="PASS">
          <params>
            <param index="0">
              <value>
                <![CDATA[ESPN I Can Play Baseball]]>
              </value>
            </param>
            <param index="1">
              <value>
                <![CDATA[VQO-CB-BRO]]>
              </value>
            </param>
            <param index="2">
              <value>
                <![CDATA[Baseball batting trainer]]>
              </value>
            </param>
          </params>
          <reporter-output>
          </reporter-output>
        </test-method> <!-- productCreationTest -->
        <test-method is-config="true" signature="tearDown()[pri:0, instance:com.tv.admin.test.ProductCreationTestCase004@37eeec90]" started-at="2021-09-21T12:58:25 IST" name="tearDown" finished-at="2021-09-21T12:58:25 IST" duration-ms="1" status="PASS">
          <reporter-output>
          </reporter-output>
        </test-method> <!-- tearDown -->
        <test-method is-config="true" signature="setUp()[pri:0, instance:com.tv.admin.test.ProductCreationTestCase004@37eeec90]" started-at="2021-09-21T12:58:25 IST" name="setUp" finished-at="2021-09-21T12:58:30 IST" duration-ms="4439" status="PASS">
          <reporter-output>
          </reporter-output>
        </test-method> <!-- setUp -->
        <test-method signature="productCreationTest(java.lang.String,java.lang.String,java.lang.String)[pri:1, instance:com.tv.admin.test.ProductCreationTestCase004@37eeec90]" started-at="2021-09-21T12:58:30 IST" name="productCreationTest" data-provider="getTestData" finished-at="2021-09-21T12:58:35 IST" duration-ms="4752" status="PASS">
          <params>
            <param index="0">
              <value>
                <![CDATA[Soft baseball]]>
              </value>
            </param>
            <param index="1">
              <value>
                <![CDATA[VQO-SB-RED]]>
              </value>
            </param>
            <param index="2">
              <value>
                <![CDATA[Baseball batting trainer]]>
              </value>
            </param>
          </params>
          <reporter-output>
          </reporter-output>
        </test-method> <!-- productCreationTest -->
        <test-method is-config="true" signature="setUp()[pri:0, instance:com.tv.admin.test.ProductCreationTestCase004@37eeec90]" started-at="2021-09-21T12:58:35 IST" name="setUp" finished-at="2021-09-21T12:58:39 IST" duration-ms="4444" status="PASS">
          <reporter-output>
          </reporter-output>
        </test-method> <!-- setUp -->
        <test-method is-config="true" signature="tearDown()[pri:0, instance:com.tv.admin.test.ProductCreationTestCase004@37eeec90]" started-at="2021-09-21T12:58:35 IST" name="tearDown" finished-at="2021-09-21T12:58:35 IST" duration-ms="0" status="PASS">
          <reporter-output>
          </reporter-output>
        </test-method> <!-- tearDown -->
        <test-method signature="productCreationTest(java.lang.String,java.lang.String,java.lang.String)[pri:1, instance:com.tv.admin.test.ProductCreationTestCase004@37eeec90]" started-at="2021-09-21T12:58:39 IST" name="productCreationTest" data-provider="getTestData" finished-at="2021-09-21T12:58:43 IST" duration-ms="3995" status="PASS">
          <params>
            <param index="0">
              <value>
                <![CDATA[Rounders baseball]]>
              </value>
            </param>
            <param index="1">
              <value>
                <![CDATA[VQO-RB-WHI]]>
              </value>
            </param>
            <param index="2">
              <value>
                <![CDATA[Baseball batting trainer]]>
              </value>
            </param>
          </params>
          <reporter-output>
          </reporter-output>
        </test-method> <!-- productCreationTest -->
        <test-method is-config="true" signature="tearDown()[pri:0, instance:com.tv.admin.test.ProductCreationTestCase004@37eeec90]" started-at="2021-09-21T12:58:44 IST" name="tearDown" finished-at="2021-09-21T12:58:44 IST" duration-ms="0" status="PASS">
          <reporter-output>
          </reporter-output>
        </test-method> <!-- tearDown -->
      </class> <!-- com.tv.admin.test.ProductCreationTestCase004 -->
      <class name="com.tv.admin.test.EqualsFilterTestCase006">
        <test-method is-config="true" signature="setUp()[pri:0, instance:com.tv.admin.test.EqualsFilterTestCase006@c9413d8]" started-at="2021-09-21T12:58:53 IST" name="setUp" finished-at="2021-09-21T12:58:57 IST" duration-ms="4410" status="PASS">
          <reporter-output>
          </reporter-output>
        </test-method> <!-- setUp -->
        <test-method signature="equalsFilterValidation(java.lang.String,java.lang.String)[pri:1, instance:com.tv.admin.test.EqualsFilterTestCase006@c9413d8]" started-at="2021-09-21T12:58:57 IST" name="equalsFilterValidation" data-provider="getTestData" finished-at="2021-09-21T12:59:02 IST" duration-ms="4541" status="PASS">
          <params>
            <param index="0">
              <value>
                <![CDATA[Equals]]>
              </value>
            </param>
            <param index="1">
              <value>
                <![CDATA[VQO-TH-BLU]]>
              </value>
            </param>
          </params>
          <reporter-output>
          </reporter-output>
        </test-method> <!-- equalsFilterValidation -->
        <test-method is-config="true" signature="tearDown()[pri:0, instance:com.tv.admin.test.EqualsFilterTestCase006@c9413d8]" started-at="2021-09-21T12:59:02 IST" name="tearDown" finished-at="2021-09-21T12:59:02 IST" duration-ms="0" status="PASS">
          <reporter-output>
          </reporter-output>
        </test-method> <!-- tearDown -->
      </class> <!-- com.tv.admin.test.EqualsFilterTestCase006 -->
      <class name="com.tv.admin.test.ProductDeletionTestCase015">
        <test-method is-config="true" signature="setUp()[pri:0, instance:com.tv.admin.test.ProductDeletionTestCase015@70fab835]" started-at="2021-09-21T13:00:15 IST" name="setUp" finished-at="2021-09-21T13:00:19 IST" duration-ms="3910" status="PASS">
          <reporter-output>
          </reporter-output>
        </test-method> <!-- setUp -->
        <test-method signature="productDeleteValidation(java.lang.String)[pri:1, instance:com.tv.admin.test.ProductDeletionTestCase015@70fab835]" started-at="2021-09-21T13:00:19 IST" name="productDeleteValidation" data-provider="getTestData" finished-at="2021-09-21T13:00:22 IST" duration-ms="3256" status="PASS">
          <params>
            <param index="0">
              <value>
                <![CDATA[ESPN I Can Play Baseball]]>
              </value>
            </param>
          </params>
          <reporter-output>
          </reporter-output>
        </test-method> <!-- productDeleteValidation -->
        <test-method is-config="true" signature="tearDown()[pri:0, instance:com.tv.admin.test.ProductDeletionTestCase015@70fab835]" started-at="2021-09-21T13:00:23 IST" name="tearDown" finished-at="2021-09-21T13:00:23 IST" duration-ms="1" status="PASS">
          <reporter-output>
          </reporter-output>
        </test-method> <!-- tearDown -->
        <test-method is-config="true" signature="setUp()[pri:0, instance:com.tv.admin.test.ProductDeletionTestCase015@70fab835]" started-at="2021-09-21T13:00:23 IST" name="setUp" finished-at="2021-09-21T13:00:26 IST" duration-ms="3772" status="PASS">
          <reporter-output>
          </reporter-output>
        </test-method> <!-- setUp -->
        <test-method signature="productDeleteValidation(java.lang.String)[pri:1, instance:com.tv.admin.test.ProductDeletionTestCase015@70fab835]" started-at="2021-09-21T13:00:26 IST" name="productDeleteValidation" data-provider="getTestData" finished-at="2021-09-21T13:00:31 IST" duration-ms="4215" status="PASS">
          <params>
            <param index="0">
              <value>
                <![CDATA[Triple Hit Baseball]]>
              </value>
            </param>
          </params>
          <reporter-output>
          </reporter-output>
        </test-method> <!-- productDeleteValidation -->
        <test-method is-config="true" signature="tearDown()[pri:0, instance:com.tv.admin.test.ProductDeletionTestCase015@70fab835]" started-at="2021-09-21T13:00:31 IST" name="tearDown" finished-at="2021-09-21T13:00:31 IST" duration-ms="0" status="PASS">
          <reporter-output>
          </reporter-output>
        </test-method> <!-- tearDown -->
      </class> <!-- com.tv.admin.test.ProductDeletionTestCase015 -->
      <class name="com.tv.admin.test.TableSortTestCase012">
        <test-method is-config="true" signature="setUp()[pri:0, instance:com.tv.admin.test.TableSortTestCase012@21694e53]" started-at="2021-09-21T12:59:49 IST" name="setUp" finished-at="2021-09-21T12:59:52 IST" duration-ms="3710" status="PASS">
          <reporter-output>
          </reporter-output>
        </test-method> <!-- setUp -->
        <test-method signature="tableSortValidation()[pri:1, instance:com.tv.admin.test.TableSortTestCase012@21694e53]" started-at="2021-09-21T12:59:52 IST" name="tableSortValidation" finished-at="2021-09-21T12:59:57 IST" duration-ms="4795" status="PASS">
          <reporter-output>
          </reporter-output>
        </test-method> <!-- tableSortValidation -->
        <test-method is-config="true" signature="tearDown()[pri:0, instance:com.tv.admin.test.TableSortTestCase012@21694e53]" started-at="2021-09-21T12:59:57 IST" name="tearDown" finished-at="2021-09-21T12:59:57 IST" duration-ms="1" status="PASS">
          <reporter-output>
          </reporter-output>
        </test-method> <!-- tearDown -->
      </class> <!-- com.tv.admin.test.TableSortTestCase012 -->
      <class name="com.tv.admin.test.ProductNotFoundTestCase014">
        <test-method is-config="true" signature="setUp()[pri:0, instance:com.tv.admin.test.ProductNotFoundTestCase014@22c86919]" started-at="2021-09-21T13:00:07 IST" name="setUp" finished-at="2021-09-21T13:00:11 IST" duration-ms="4035" status="PASS">
          <reporter-output>
          </reporter-output>
        </test-method> <!-- setUp -->
        <test-method signature="productNotFoundValidation(java.lang.String,java.lang.String)[pri:1, instance:com.tv.admin.test.ProductNotFoundTestCase014@22c86919]" started-at="2021-09-21T13:00:11 IST" name="productNotFoundValidation" data-provider="getTestData" finished-at="2021-09-21T13:00:15 IST" duration-ms="4030" status="PASS">
          <params>
            <param index="0">
              <value>
                <![CDATA[Ends with]]>
              </value>
            </param>
            <param index="1">
              <value>
                <![CDATA[ball]]>
              </value>
            </param>
          </params>
          <reporter-output>
          </reporter-output>
        </test-method> <!-- productNotFoundValidation -->
        <test-method is-config="true" signature="tearDown()[pri:0, instance:com.tv.admin.test.ProductNotFoundTestCase014@22c86919]" started-at="2021-09-21T13:00:15 IST" name="tearDown" finished-at="2021-09-21T13:00:15 IST" duration-ms="0" status="PASS">
          <reporter-output>
          </reporter-output>
        </test-method> <!-- tearDown -->
      </class> <!-- com.tv.admin.test.ProductNotFoundTestCase014 -->
      <class name="com.tv.admin.test.AttributeValidationTestCase003">
        <test-method is-config="true" signature="setUp()[pri:0, instance:com.tv.admin.test.AttributeValidationTestCase003@724f138e]" started-at="2021-09-21T12:57:52 IST" name="setUp" finished-at="2021-09-21T12:57:56 IST" duration-ms="3995" status="PASS">
          <reporter-output>
          </reporter-output>
        </test-method> <!-- setUp -->
        <test-method signature="attributeValidation(java.lang.String,java.lang.String,java.lang.String)[pri:1, instance:com.tv.admin.test.AttributeValidationTestCase003@724f138e]" started-at="2021-09-21T12:57:56 IST" name="attributeValidation" data-provider="getTestData" finished-at="2021-09-21T12:58:01 IST" duration-ms="4529" status="PASS">
          <params>
            <param index="0">
              <value>
                <![CDATA[clean seal pneumatic pipe plug cherne Industries ]]>
              </value>
            </param>
            <param index="1">
              <value>
                <![CDATA[VQO-EB-BRO-BI]]>
              </value>
            </param>
            <param index="2">
              <value>
                <![CDATA[ Manoil TootsieToy Tires - 3/4"]]>
              </value>
            </param>
          </params>
          <reporter-output>
          </reporter-output>
        </test-method> <!-- attributeValidation -->
        <test-method is-config="true" signature="tearDown()[pri:0, instance:com.tv.admin.test.AttributeValidationTestCase003@724f138e]" started-at="2021-09-21T12:58:01 IST" name="tearDown" finished-at="2021-09-21T12:58:01 IST" duration-ms="0" status="PASS">
          <reporter-output>
          </reporter-output>
        </test-method> <!-- tearDown -->
      </class> <!-- com.tv.admin.test.AttributeValidationTestCase003 -->
      <class name="com.tv.admin.test.MandatoryFieldTestCase002">
        <test-method is-config="true" signature="setUp()[pri:0, instance:com.tv.admin.test.MandatoryFieldTestCase002@cf65451]" started-at="2021-09-21T12:57:43 IST" name="setUp" finished-at="2021-09-21T12:57:47 IST" duration-ms="3763" status="PASS">
          <reporter-output>
          </reporter-output>
        </test-method> <!-- setUp -->
        <test-method signature="mandatoryFieldsValidation()[pri:1, instance:com.tv.admin.test.MandatoryFieldTestCase002@cf65451]" started-at="2021-09-21T12:57:47 IST" name="mandatoryFieldsValidation" finished-at="2021-09-21T12:57:51 IST" duration-ms="4194" status="PASS">
          <reporter-output>
          </reporter-output>
        </test-method> <!-- mandatoryFieldsValidation -->
        <test-method is-config="true" signature="tearDown()[pri:0, instance:com.tv.admin.test.MandatoryFieldTestCase002@cf65451]" started-at="2021-09-21T12:57:52 IST" name="tearDown" finished-at="2021-09-21T12:57:52 IST" duration-ms="0" status="PASS">
          <reporter-output>
          </reporter-output>
        </test-method> <!-- tearDown -->
      </class> <!-- com.tv.admin.test.MandatoryFieldTestCase002 -->
      <class name="com.tv.admin.test.ClearFilterTestCase009">
        <test-method is-config="true" signature="setUp()[pri:0, instance:com.tv.admin.test.ClearFilterTestCase009@47428937]" started-at="2021-09-21T12:59:21 IST" name="setUp" finished-at="2021-09-21T12:59:26 IST" duration-ms="4883" status="PASS">
          <reporter-output>
          </reporter-output>
        </test-method> <!-- setUp -->
        <test-method signature="clearFilterValidation(java.lang.String,java.lang.String,java.lang.String)[pri:1, instance:com.tv.admin.test.ClearFilterTestCase009@47428937]" started-at="2021-09-21T12:59:26 IST" name="clearFilterValidation" data-provider="getTestData" finished-at="2021-09-21T12:59:30 IST" duration-ms="4363" status="PASS">
          <params>
            <param index="0">
              <value>
                <![CDATA[Better Batter Baseball]]>
              </value>
            </param>
            <param index="1">
              <value>
                <![CDATA[VQO-BB-BLA]]>
              </value>
            </param>
            <param index="2">
              <value>
                <![CDATA[Baseball batting trainer]]>
              </value>
            </param>
          </params>
          <reporter-output>
          </reporter-output>
        </test-method> <!-- clearFilterValidation -->
        <test-method is-config="true" signature="tearDown()[pri:0, instance:com.tv.admin.test.ClearFilterTestCase009@47428937]" started-at="2021-09-21T12:59:31 IST" name="tearDown" finished-at="2021-09-21T12:59:31 IST" duration-ms="0" status="PASS">
          <reporter-output>
          </reporter-output>
        </test-method> <!-- tearDown -->
      </class> <!-- com.tv.admin.test.ClearFilterTestCase009 -->
      <class name="com.tv.admin.test.BatchActionProductTestCase016">
        <test-method is-config="true" signature="setUp()[pri:0, instance:com.tv.admin.test.BatchActionProductTestCase016@1b0a7baf]" started-at="2021-09-21T13:00:31 IST" name="setUp" finished-at="2021-09-21T13:00:36 IST" duration-ms="4836" status="PASS">
          <reporter-output>
          </reporter-output>
        </test-method> <!-- setUp -->
        <test-method signature="batchAction()[pri:1, instance:com.tv.admin.test.BatchActionProductTestCase016@1b0a7baf]" started-at="2021-09-21T13:00:36 IST" name="batchAction" finished-at="2021-09-21T13:00:40 IST" duration-ms="4410" status="PASS">
          <reporter-output>
          </reporter-output>
        </test-method> <!-- batchAction -->
        <test-method is-config="true" signature="tearDown()[pri:0, instance:com.tv.admin.test.BatchActionProductTestCase016@1b0a7baf]" started-at="2021-09-21T13:00:40 IST" name="tearDown" finished-at="2021-09-21T13:00:40 IST" duration-ms="1" status="PASS">
          <reporter-output>
          </reporter-output>
        </test-method> <!-- tearDown -->
      </class> <!-- com.tv.admin.test.BatchActionProductTestCase016 -->
    </test> <!-- Test -->
  </suite> <!-- Suite -->
</testng-results>
