<?xml version="1.0" encoding="UTF-8"?>
<testng-results total="1" passed="1" failed="0" skipped="0">
  <reporter-output>
  </reporter-output>
  <suite started-at="2022-05-25T14:45:33Z" name="Default suite" finished-at="2022-05-25T14:45:57Z" duration-ms="23634">
    <groups>
    </groups>
    <test started-at="2022-05-25T14:45:33Z" name="Default test" finished-at="2022-05-25T14:45:57Z" duration-ms="23634">
      <class name="com.Orange.testCases.CandidateDetailsTest">
        <test-method is-config="true" signature="Setup()[pri:0, instance:com.Orange.testCases.CandidateDetailsTest@68f4865]" started-at="2022-05-25T20:15:35Z" name="Setup" finished-at="2022-05-25T20:15:48Z" duration-ms="12606" status="PASS">
          <reporter-output>
          </reporter-output>
        </test-method> <!-- Setup -->
        <test-method signature="DownloadCV(java.lang.String, java.lang.String)[pri:0, instance:com.Orange.testCases.CandidateDetailsTest@68f4865]" started-at="2022-05-25T20:15:48Z" name="DownloadCV" description="Download CV for Validation" data-provider="getTestData" finished-at="2022-05-25T20:15:57Z" duration-ms="8675" status="PASS">
          <params>
            <param index="0">
              <value>
                <![CDATA[Admin]]>
              </value>
            </param>
            <param index="1">
              <value>
                <![CDATA[admin123]]>
              </value>
            </param>
          </params>
          <reporter-output>
          </reporter-output>
        </test-method> <!-- DownloadCV -->
        <test-method is-config="true" signature="CloseBrowser()[pri:0, instance:com.Orange.testCases.CandidateDetailsTest@68f4865]" started-at="2022-05-25T20:15:57Z" name="CloseBrowser" finished-at="2022-05-25T20:15:57Z" duration-ms="427" status="PASS">
          <reporter-output>
          </reporter-output>
        </test-method> <!-- CloseBrowser -->
      </class> <!-- com.Orange.testCases.CandidateDetailsTest -->
    </test> <!-- Default test -->
  </suite> <!-- Default suite -->
</testng-results>
